Aquarium/task/build/intermediates/manifest_merge_blame_file/release/manifest-merger-blame-release-report.txt
1<?xml version="1.0" encoding="utf-8"?>
2<manifest xmlns:android="http://schemas.android.com/apk/res/android"
3    package="org.hyperskill.aquarium"
4    android:versionCode="1"
5    android:versionName="1.0" >
6
7    <uses-sdk
8        android:minSdkVersion="20"
8-->src/main/AndroidManifest.xml
9        android:targetSdkVersion="29" />
9-->src/main/AndroidManifest.xml
10
11    <uses-permission android:name="android.permission.INTERNET" />
11-->src/main/AndroidManifest.xml:4:3-64
11-->src/main/AndroidManifest.xml:4:20-62
12
13    <application
13-->src/main/AndroidManifest.xml:5:3-20:17
14        android:allowBackup="true"
14-->src/main/AndroidManifest.xml:6:7-33
15        android:appComponentFactory="androidx.core.app.CoreComponentFactory"
15-->[androidx.core:core:1.6.0] AndroidManifest.xml:24:18-86
16        android:icon="@mipmap/ic_launcher"
16-->src/main/AndroidManifest.xml:7:7-41
17        android:label="@string/app_name"
17-->src/main/AndroidManifest.xml:8:7-39
18        android:roundIcon="@mipmap/ic_launcher_round"
18-->src/main/AndroidManifest.xml:9:7-52
19        android:supportsRtl="true"
19-->src/main/AndroidManifest.xml:10:7-33
20        android:theme="@style/AppTheme" >
20-->src/main/AndroidManifest.xml:11:7-38
21        <activity
21-->src/main/AndroidManifest.xml:12:5-19:16
22            android:name="org.hyperskill.aquarium.MainActivity"
22-->src/main/AndroidManifest.xml:12:15-66
23            android:exported="true" >
23-->src/main/AndroidManifest.xml:13:9-32
24            <intent-filter>
24-->src/main/AndroidManifest.xml:14:7-18:23
25                <action android:name="android.intent.action.MAIN" />
25-->src/main/AndroidManifest.xml:15:9-61
25-->src/main/AndroidManifest.xml:15:17-58
26
27                <category android:name="android.intent.category.LAUNCHER" />
27-->src/main/AndroidManifest.xml:17:9-69
27-->src/main/AndroidManifest.xml:17:19-66
28            </intent-filter>
29        </activity>
30
31        <provider
31-->[com.squareup.picasso:picasso:2.8] AndroidManifest.xml:8:9-11:40
32            android:name="com.squareup.picasso.PicassoProvider"
32-->[com.squareup.picasso:picasso:2.8] AndroidManifest.xml:9:13-64
33            android:authorities="org.hyperskill.aquarium.com.squareup.picasso"
33-->[com.squareup.picasso:picasso:2.8] AndroidManifest.xml:10:13-72
34            android:exported="false" />
34-->[com.squareup.picasso:picasso:2.8] AndroidManifest.xml:11:13-37
35    </application>
36
37</manifest>